2024-12-15 11:31:51 : [function createFormatWrap(opts) {
    return new Format(opts);
  }] : info : 
2024-12-15 11:31:52 : [function createFormatWrap(opts) {
    return new Format(opts);
  }] : info : 
2024-12-15 11:32:04 : [function createFormatWrap(opts) {
    return new Format(opts);
  }] : info : Successfullt started 
2024-12-15 11:32:08 : [function createFormatWrap(opts) {
    return new Format(opts);
  }] : info : Successfullt started the server
2024-12-15 11:32:19 : [function createFormatWrap(opts) {
    return new Format(opts);
  }] : info : Successfullt started the server
2024-12-15 11:32:23 : [function createFormatWrap(opts) {
    return new Format(opts);
  }] : info : Successfullt started the server
2024-12-15 11:33:11 : [function createFormatWrap(opts) {
    return new Format(opts);
  }] : info : Successfully started the server
2024-12-15 11:33:13 : [function createFormatWrap(opts) {
    return new Format(opts);
  }] : info : Successfully started the server
2024-12-15 11:33:39  : Successfully started the server
2024-12-16 21:55:38  : Successfully started the server
